<?xml version="1.0" encoding="UTF-8"?>
<testsuite xmlns:xsi="http://www.w3.org/2001/XMLSchema-instance" xsi:noNamespaceSchemaLocation="https://maven.apache.org/surefire/maven-surefire-plugin/xsd/surefire-test-report-3.0.xsd" version="3.0" name="org.rest.cucumber.options.TestRunner" time="4.878" tests="1" errors="0" skipped="0" failures="0">
  <properties>
[...]
</properties>
  <testcase name="Verify whether the place is deleted" classname="Vaidating Place API&apos;s" time="2.801">
    <system-out><![CDATA[
@DeletePlace @Regression
Scenario: Verify whether the place is deleted                     &amp#27;[90m# src/test/java/org/rest/cucumber/features/PlaceValidations.feature:14&amp#27;[0m
Request method:	POST
Request URI:	https://rahulshettyacademy.com/maps/api/place/add/json?key=qaclick123
Proxy:			<none>
Request params:	<none>
Query params:	key=qaclick123
Form params:	<none>
Path params:	<none>
Headers:		Accept=*/*
				Content-Type=application/json
Cookies:		<none>
Multiparts:		<none>
Body:
{
    "location": {
        "lat": "-38.383494",
        "lng": "33.427362"
    },
    "accuracy": 50,
    "name": "Paris",
    "phone_number": "99999999999",
    "address": "testing address",
    "types": [
        "shoe park",
        "shop"
    ],
    "website": "http://google.com",
    "language": "French"
}
  &amp#27;[32mGiven &amp#27;[0m&amp#27;[32mdelete payload is given&amp#27;[0m                                   &amp#27;[90m# org.rest.cucumber.stepdefinitions.GMapValidationDef.deletePayloadIsGiven()&amp#27;[0m
Request method:	DELETE
Request URI:	https://rahulshettyacademy.com/maps/api/place/delete/json?key=qaclick123
Proxy:			<none>
Request params:	<none>
Query params:	key=qaclick123
Form params:	<none>
Path params:	<none>
Headers:		Accept=*/*
				Content-Type=application/json
Cookies:		<none>
Multiparts:		<none>
Body:
{
    "place_id": "b79a8b6b222511d87a653a5cbd118e1d"
}
  &amp#27;[32mWhen &amp#27;[0m&amp#27;[32muser calls the &amp#27;[0m&amp#27;[32m&amp#27;[1m"DELETEPLACEAPI"&amp#27;[0m&amp#27;[32m with &amp#27;[0m&amp#27;[32m&amp#27;[1m"delete"&amp#27;[0m&amp#27;[32m http request&amp#27;[0m &amp#27;[90m# org.rest.cucumber.stepdefinitions.GMapValidationDef.userCallsTheWithPostRequestByUsingGivenPayload(java.lang.String,java.lang.String)&amp#27;[0m
  &amp#27;[32mThen &amp#27;[0m&amp#27;[32mAPI call should got success with status code &amp#27;[0m&amp#27;[32m&amp#27;[1m200&amp#27;[0m           &amp#27;[90m# org.rest.cucumber.stepdefinitions.GMapValidationDef.apiCallShouldGotSuccessWithStatusCode(int)&amp#27;[0m
addReponseString = {"status":"OK"}
  &amp#27;[32mAnd &amp#27;[0m&amp#27;[32mIn response the &amp#27;[0m&amp#27;[32m&amp#27;[1m"status"&amp#27;[0m&amp#27;[32m contains &amp#27;[0m&amp#27;[32m&amp#27;[1m"OK"&amp#27;[0m                      &amp#27;[90m# org.rest.cucumber.stepdefinitions.GMapValidationDef.inResponseTheContains(java.lang.String,java.lang.String)&amp#27;[0m
]]></system-out>
    <system-err><![CDATA[log4j:WARN No appenders could be found for logger (org.apache.http.impl.conn.BasicClientConnectionManager).
log4j:WARN Please initialize the log4j system properly.
log4j:WARN See http://logging.apache.org/log4j/1.2/faq.html#noconfig for more info.
]]></system-err>
  </testcase>
</testsuite>